<?xml version="1.0" encoding="UTF-8"?>
<testng-results skipped="0" failed="0" total="2" passed="2">
  <reporter-output>
  </reporter-output>
  <suite name="test.com.LoginPageTestNGTest" duration-ms="45" started-at="2019-03-02T22:23:12Z" finished-at="2019-03-02T22:23:12Z">
    <groups>
    </groups>
    <test name="Command line test" duration-ms="45" started-at="2019-03-02T22:23:12Z" finished-at="2019-03-02T22:23:12Z">
      <class name="test.com.LoginPageTestNGTest">
        <test-method status="PASS" signature="setUpClass()[pri:0, instance:test.com.LoginPageTestNGTest@56cbfb61]" name="setUpClass" is-config="true" duration-ms="15" started-at="2019-03-02T16:23:12Z" finished-at="2019-03-02T16:23:12Z">
          <reporter-output>
          </reporter-output>
        </test-method> <!-- setUpClass -->
        <test-method status="PASS" signature="setUpMethod()[pri:0, instance:test.com.LoginPageTestNGTest@56cbfb61]" name="setUpMethod" is-config="true" duration-ms="3" started-at="2019-03-02T16:23:12Z" finished-at="2019-03-02T16:23:12Z">
          <reporter-output>
          </reporter-output>
        </test-method> <!-- setUpMethod -->
        <test-method status="PASS" signature="testPassword()[pri:0, instance:test.com.LoginPageTestNGTest@56cbfb61]" name="testPassword" duration-ms="5" started-at="2019-03-02T16:23:12Z" finished-at="2019-03-02T16:23:12Z">
          <reporter-output>
          </reporter-output>
        </test-method> <!-- testPassword -->
        <test-method status="PASS" signature="tearDownMethod()[pri:0, instance:test.com.LoginPageTestNGTest@56cbfb61]" name="tearDownMethod" is-config="true" duration-ms="2" started-at="2019-03-02T16:23:12Z" finished-at="2019-03-02T16:23:12Z">
          <reporter-output>
          </reporter-output>
        </test-method> <!-- tearDownMethod -->
        <test-method status="PASS" signature="testUsername()[pri:0, instance:test.com.LoginPageTestNGTest@56cbfb61]" name="testUsername" duration-ms="1" started-at="2019-03-02T16:23:12Z" finished-at="2019-03-02T16:23:12Z">
          <reporter-output>
          </reporter-output>
        </test-method> <!-- testUsername -->
        <test-method status="PASS" signature="setUpMethod()[pri:0, instance:test.com.LoginPageTestNGTest@56cbfb61]" name="setUpMethod" is-config="true" duration-ms="0" started-at="2019-03-02T16:23:12Z" finished-at="2019-03-02T16:23:12Z">
          <reporter-output>
          </reporter-output>
        </test-method> <!-- setUpMethod -->
        <test-method status="PASS" signature="tearDownMethod()[pri:0, instance:test.com.LoginPageTestNGTest@56cbfb61]" name="tearDownMethod" is-config="true" duration-ms="0" started-at="2019-03-02T16:23:12Z" finished-at="2019-03-02T16:23:12Z">
          <reporter-output>
          </reporter-output>
        </test-method> <!-- tearDownMethod -->
        <test-method status="PASS" signature="tearDownClass()[pri:0, instance:test.com.LoginPageTestNGTest@56cbfb61]" name="tearDownClass" is-config="true" duration-ms="0" started-at="2019-03-02T16:23:12Z" finished-at="2019-03-02T16:23:12Z">
          <reporter-output>
          </reporter-output>
        </test-method> <!-- tearDownClass -->
      </class> <!-- test.com.LoginPageTestNGTest -->
    </test> <!-- Command line test -->
  </suite> <!-- test.com.LoginPageTestNGTest -->
</testng-results>
